# JRE version: Java(TM) SE Runtime Environment (8.0_171-b11) (build 1.8.0_171-b11)
# Java VM: Java HotSpot(TM) 64-Bit Server VM (25.171-b11 mixed mode linux-amd64 compressed oops)
Heap:
 PSYoungGen      total 103424K, used 0K [0x00000000eb700000, 0x00000000f3480000, 0x0000000100000000)
  eden space 91648K, 0% used [0x00000000eb700000,0x00000000eb700000,0x00000000f1080000)
  from space 11776K, 0% used [0x00000000f1c80000,0x00000000f1c80000,0x00000000f2800000)
  to   space 12288K, 0% used [0x00000000f1080000,0x00000000f1080000,0x00000000f1c80000)
 ParOldGen       total 33792K, used 20913K [0x00000000c2400000, 0x00000000c4500000, 0x00000000eb700000)
  object space 33792K, 61% used [0x00000000c2400000,0x00000000c386c608,0x00000000c4500000)
 Metaspace       used 33905K, capacity 35356K, committed 35496K, reserved 1079296K
  class space    used 4450K, capacity 4745K, committed 4776K, reserved 1048576K
GC Heap History (10 events):
Event: 3,088 GC heap after
Heap after GC invocations=9 (full 1):
 PSYoungGen      total 69120K, used 0K [0x00000000eb700000, 0x00000000f0200000, 0x0000000100000000)
  eden space 62976K, 0% used [0x00000000eb700000,0x00000000eb700000,0x00000000ef480000)
  from space 6144K, 0% used [0x00000000efb00000,0x00000000efb00000,0x00000000f0100000)
  to   space 6656K, 0% used [0x00000000ef480000,0x00000000ef480000,0x00000000efb00000)
 ParOldGen       total 33792K, used 5694K [0x00000000c2400000, 0x00000000c4500000, 0x00000000eb700000)
  object space 33792K, 16% used [0x00000000c2400000,0x00000000c298f840,0x00000000c4500000)
 Metaspace       used 20640K, capacity 21270K, committed 21296K, reserved 1067008K
  class space    used 2754K, capacity 2934K, committed 2944K, reserved 1048576K
}
Event: 3,355 GC heap before
{Heap before GC invocations=10 (full 1):
 PSYoungGen      total 69120K, used 62976K [0x00000000eb700000, 0x00000000f0200000, 0x0000000100000000)
  eden space 62976K, 100% used [0x00000000eb700000,0x00000000ef480000,0x00000000ef480000)
  from space 6144K, 0% used [0x00000000efb00000,0x00000000efb00000,0x00000000f0100000)
  to   space 6656K, 0% used [0x00000000ef480000,0x00000000ef480000,0x00000000efb00000)
 ParOldGen       total 33792K, used 5694K [0x00000000c2400000, 0x00000000c4500000, 0x00000000eb700000)
  object space 33792K, 16% used [0x00000000c2400000,0x00000000c298f840,0x00000000c4500000)
 Metaspace       used 22855K, capacity 23606K, committed 23808K, reserved 1069056K
  class space    used 3045K, capacity 3266K, committed 3328K, reserved 1048576K
Event: 3,359 GC heap after
Heap after GC invocations=10 (full 1):
 PSYoungGen      total 69632K, used 6306K [0x00000000eb700000, 0x00000000f1000000, 0x0000000100000000)
  eden space 62976K, 0% used [0x00000000eb700000,0x00000000eb700000,0x00000000ef480000)
  from space 6656K, 94% used [0x00000000ef480000,0x00000000efaa8b30,0x00000000efb00000)
  to   space 7168K, 0% used [0x00000000f0900000,0x00000000f0900000,0x00000000f1000000)
 ParOldGen       total 33792K, used 5766K [0x00000000c2400000, 0x00000000c4500000, 0x00000000eb700000)
  object space 33792K, 17% used [0x00000000c2400000,0x00000000c29a1850,0x00000000c4500000)
 Metaspace       used 22855K, capacity 23606K, committed 23808K, reserved 1069056K
  class space    used 3045K, capacity 3266K, committed 3328K, reserved 1048576K
}
Event: 4,625 GC heap before
{Heap before GC invocations=11 (full 1):
 PSYoungGen      total 69632K, used 69282K [0x00000000eb700000, 0x00000000f1000000, 0x0000000100000000)
  eden space 62976K, 100% used [0x00000000eb700000,0x00000000ef480000,0x00000000ef480000)
  from space 6656K, 94% used [0x00000000ef480000,0x00000000efaa8b30,0x00000000efb00000)
  to   space 7168K, 0% used [0x00000000f0900000,0x00000000f0900000,0x00000000f1000000)
 ParOldGen       total 33792K, used 5766K [0x00000000c2400000, 0x00000000c4500000, 0x00000000eb700000)
  object space 33792K, 17% used [0x00000000c2400000,0x00000000c29a1850,0x00000000c4500000)
 Metaspace       used 26334K, capacity 27414K, committed 27648K, reserved 1073152K
  class space    used 3568K, capacity 3808K, committed 3840K, reserved 1048576K
Event: 4,870 GC heap after
Heap after GC invocations=11 (full 1):
 PSYoungGen      total 81920K, used 7138K [0x00000000eb700000, 0x00000000f1300000, 0x0000000100000000)
  eden space 74752K, 0% used [0x00000000eb700000,0x00000000eb700000,0x00000000f0000000)
  from space 7168K, 99% used [0x00000000f0900000,0x00000000f0ff8878,0x00000000f1000000)
  to   space 9216K, 0% used [0x00000000f0000000,0x00000000f0000000,0x00000000f0900000)
 ParOldGen       total 33792K, used 9480K [0x00000000c2400000, 0x00000000c4500000, 0x00000000eb700000)
  object space 33792K, 28% used [0x00000000c2400000,0x00000000c2d421f8,0x00000000c4500000)
 Metaspace       used 26334K, capacity 27414K, committed 27648K, reserved 1073152K
  class space    used 3568K, capacity 3808K, committed 3840K, reserved 1048576K
}
Event: 8,511 GC heap before
{Heap before GC invocations=12 (full 1):
 PSYoungGen      total 81920K, used 81876K [0x00000000eb700000, 0x00000000f1300000, 0x0000000100000000)
  eden space 74752K, 99% used [0x00000000eb700000,0x00000000efffcb00,0x00000000f0000000)
  from space 7168K, 99% used [0x00000000f0900000,0x00000000f0ff8878,0x00000000f1000000)
  to   space 9216K, 0% used [0x00000000f0000000,0x00000000f0000000,0x00000000f0900000)
 ParOldGen       total 33792K, used 9480K [0x00000000c2400000, 0x00000000c4500000, 0x00000000eb700000)
  object space 33792K, 28% used [0x00000000c2400000,0x00000000c2d421f8,0x00000000c4500000)
 Metaspace       used 29150K, capacity 30672K, committed 30976K, reserved 1075200K
  class space    used 3924K, capacity 4237K, committed 4352K, reserved 1048576K
Event: 8,741 GC heap after
Heap after GC invocations=12 (full 1):
 PSYoungGen      total 83968K, used 9197K [0x00000000eb700000, 0x00000000f2800000, 0x0000000100000000)
  eden space 74752K, 0% used [0x00000000eb700000,0x00000000eb700000,0x00000000f0000000)
  from space 9216K, 99% used [0x00000000f0000000,0x00000000f08fb488,0x00000000f0900000)
  to   space 11776K, 0% used [0x00000000f1c80000,0x00000000f1c80000,0x00000000f2800000)
 ParOldGen       total 33792K, used 12258K [0x00000000c2400000, 0x00000000c4500000, 0x00000000eb700000)
  object space 33792K, 36% used [0x00000000c2400000,0x00000000c2ff8890,0x00000000c4500000)
 Metaspace       used 29150K, capacity 30672K, committed 30976K, reserved 1075200K
  class space    used 3924K, capacity 4237K, committed 4352K, reserved 1048576K
}
Event: 24,766 GC heap before
{Heap before GC invocations=13 (full 1):
 PSYoungGen      total 83968K, used 78245K [0x00000000eb700000, 0x00000000f2800000, 0x0000000100000000)
  eden space 74752K, 92% used [0x00000000eb700000,0x00000000efa6e070,0x00000000f0000000)
  from space 9216K, 99% used [0x00000000f0000000,0x00000000f08fb488,0x00000000f0900000)
  to   space 11776K, 0% used [0x00000000f1c80000,0x00000000f1c80000,0x00000000f2800000)
 ParOldGen       total 33792K, used 12258K [0x00000000c2400000, 0x00000000c4500000, 0x00000000eb700000)
  object space 33792K, 36% used [0x00000000c2400000,0x00000000c2ff8890,0x00000000c4500000)
 Metaspace       used 33905K, capacity 35356K, committed 35496K, reserved 1079296K
  class space    used 4450K, capacity 4745K, committed 4776K, reserved 1048576K
Event: 33,294 GC heap after
Heap after GC invocations=13 (full 1):
 PSYoungGen      total 103424K, used 8454K [0x00000000eb700000, 0x00000000f3480000, 0x0000000100000000)
  eden space 91648K, 0% used [0x00000000eb700000,0x00000000eb700000,0x00000000f1080000)
  from space 11776K, 71% used [0x00000000f1c80000,0x00000000f24c18e8,0x00000000f2800000)
  to   space 12288K, 0% used [0x00000000f1080000,0x00000000f1080000,0x00000000f1c80000)
 ParOldGen       total 33792K, used 18511K [0x00000000c2400000, 0x00000000c4500000, 0x00000000eb700000)
  object space 33792K, 54% used [0x00000000c2400000,0x00000000c3613da0,0x00000000c4500000)
 Metaspace       used 33905K, capacity 35356K, committed 35496K, reserved 1079296K
  class space    used 4450K, capacity 4745K, committed 4776K, reserved 1048576K
}
Event: 33,521 GC heap before
{Heap before GC invocations=14 (full 2):
 PSYoungGen      total 103424K, used 8454K [0x00000000eb700000, 0x00000000f3480000, 0x0000000100000000)
  eden space 91648K, 0% used [0x00000000eb700000,0x00000000eb700000,0x00000000f1080000)
  from space 11776K, 71% used [0x00000000f1c80000,0x00000000f24c18e8,0x00000000f2800000)
  to   space 12288K, 0% used [0x00000000f1080000,0x00000000f1080000,0x00000000f1c80000)
 ParOldGen       total 33792K, used 18511K [0x00000000c2400000, 0x00000000c4500000, 0x00000000eb700000)
  object space 33792K, 54% used [0x00000000c2400000,0x00000000c3613da0,0x00000000c4500000)
 Metaspace       used 33905K, capacity 35356K, committed 35496K, reserved 1079296K
  class space    used 4450K, capacity 4745K, committed 4776K, reserved 1048576K

